2017-06-05 13:09:05,209 - __main__ - INFO - {'AUDI': 'http://cars.icars.com.tw/brand-5.html', 'BENZ': 'http://cars.icars.com.tw/brand-8.html', 'BMW': 'http://cars.icars.com.tw/brand-9.html', 'FORD': 'http://cars.icars.com.tw/brand-20.html', 'HONDA': 'http://cars.icars.com.tw/brand-23.html', 'LEXUS': 'http://cars.icars.com.tw/brand-35.html', 'MAZDA': 'http://cars.icars.com.tw/brand-39.html', 'MITSUBISHI': 'http://cars.icars.com.tw/brand-43.html', 'NISSAN': 'http://cars.icars.com.tw/brand-44.html', 'PORSCHE': 'http://cars.icars.com.tw/brand-50.html', 'SUBARU': 'http://cars.icars.com.tw/brand-58.html', 'SUZUKI': 'http://cars.icars.com.tw/brand-59.html', 'TOYOTA': 'http://cars.icars.com.tw/brand-60.html', 'VOLVO': 'http://cars.icars.com.tw/brand-62.html', 'VW': 'http://cars.icars.com.tw/brand-63.html'}
2017-06-05 21:26:07,108 - __main__ - INFO - AUDI:80
2017-06-05 21:26:39,018 - __main__ - INFO - AUDI:80
2017-06-05 21:26:52,179 - __main__ - INFO - BENZ:257
2017-06-05 21:27:33,781 - __main__ - INFO - BMW:291
2017-06-05 21:28:06,696 - __main__ - INFO - FORD:537
2017-06-05 21:29:44,078 - __main__ - INFO - AUDI:80
2017-06-05 21:29:52,998 - __main__ - INFO - BENZ:257
2017-06-05 21:30:34,845 - __main__ - INFO - AUDI:80
2017-06-05 21:31:23,843 - __main__ - INFO - AUDI:80
2017-06-05 21:32:54,640 - __main__ - INFO - BENZ:257
2017-06-05 21:37:22,186 - __main__ - INFO - BMW:291
2017-06-05 21:42:18,926 - __main__ - INFO - FORD:537
2017-06-05 21:45:42,328 - __main__ - INFO - HONDA:539
2017-06-05 21:49:33,752 - __main__ - INFO - LEXUS:160
2017-06-05 22:25:54,844 - __main__ - INFO - AUDI:80
2017-06-05 22:28:12,306 - __main__ - INFO - AUDI:80
2017-06-05 22:28:28,350 - __main__ - INFO - AUDI:80
2017-06-06 00:45:01,716 - __main__ - INFO - AUDI:80
2017-06-06 01:35:24,773 - __main__ - INFO - AUDI:80
2017-06-06 01:36:48,578 - __main__ - INFO - AUDI:80
2017-06-06 01:37:23,205 - __main__ - INFO - AUDI:80
2017-06-06 08:09:16,151 - __main__ - INFO - AUDI:80
2017-06-06 08:11:27,154 - __main__ - INFO - AUDI:80
2017-06-06 08:13:36,242 - __main__ - INFO - BENZ:257
2017-06-06 08:20:26,728 - __main__ - INFO - BMW:291
2017-06-06 08:28:34,283 - __main__ - INFO - FORD:537
2017-06-06 08:39:03,293 - __main__ - INFO - HONDA:539
2017-06-06 08:40:55,782 - __main__ - INFO - AUDI:80
2017-06-06 08:41:11,543 - __main__ - INFO - AUDI:80
2017-06-06 08:42:13,053 - __main__ - INFO - BENZ:257
2017-06-06 08:45:23,780 - __main__ - INFO - BMW:291
2017-06-06 08:48:56,957 - __main__ - INFO - FORD:537
2017-06-06 08:51:08,764 - __main__ - INFO - HONDA:539
2017-06-06 08:54:10,838 - __main__ - INFO - LEXUS:160
2017-06-06 08:54:31,751 - __main__ - INFO - MAZDA:531
2017-06-06 08:55:12,442 - __main__ - INFO - MITSUBISHI:700
2017-06-06 08:57:17,356 - __main__ - INFO - NISSAN:627
2017-06-06 08:59:20,317 - __main__ - INFO - PORSCHE:6
2017-06-06 08:59:27,221 - __main__ - INFO - SUBARU:26
2017-06-06 08:59:52,220 - __main__ - INFO - SUZUKI:210
2017-06-06 09:01:32,309 - __main__ - INFO - TOYOTA:878
2017-06-06 09:02:46,471 - __main__ - INFO - VOLVO:14
2017-06-06 09:02:48,396 - __main__ - INFO - VW:240
2017-06-06 15:42:23,207 - __main__ - INFO - AUDI:80
2017-06-06 15:42:59,014 - __main__ - INFO - BENZ:257
2017-06-06 15:48:14,123 - __main__ - INFO - BMW:291
2017-06-06 15:56:02,297 - __main__ - INFO - FORD:537
2017-06-06 15:57:59,898 - __main__ - INFO - HONDA:540
2017-06-06 16:06:44,400 - __main__ - INFO - LEXUS:161
2017-06-06 16:08:39,079 - __main__ - INFO - MAZDA:531
2017-06-06 16:09:39,629 - __main__ - INFO - MITSUBISHI:701
2017-06-06 16:11:11,784 - __main__ - INFO - NISSAN:627
2017-06-06 16:13:48,412 - __main__ - INFO - PORSCHE:6
2017-06-06 16:13:56,192 - __main__ - INFO - SUBARU:26
2017-06-06 16:14:27,401 - __main__ - INFO - SUZUKI:210
2017-06-06 16:16:27,929 - __main__ - INFO - TOYOTA:878
2017-06-06 16:17:51,654 - __main__ - INFO - AUDI:80
